<?xml version="1.0" encoding="UTF-8"?>
<testng-results ignored="0" total="1" passed="1" failed="0" skipped="0">
  <reporter-output>
  </reporter-output>
  <suite started-at="2024-11-06T15:11:21 IST" name="Default suite" finished-at="2024-11-06T15:14:12 IST" duration-ms="170759">
    <groups>
    </groups>
    <test started-at="2024-11-06T15:11:21 IST" name="Default test" finished-at="2024-11-06T15:14:12 IST" duration-ms="170759">
      <class name="Testngpkg.AMAZONWINDOWHANDLER">
        <test-method is-config="true" signature="setUp()[pri:0, instance:Testngpkg.AMAZONWINDOWHANDLER@4145bad8]" started-at="2024-11-06T15:11:21 IST" name="setUp" finished-at="2024-11-06T15:12:39 IST" duration-ms="77785" status="PASS">
          <reporter-output>
          </reporter-output>
        </test-method> <!-- setUp -->
        <test-method signature="amazon()[pri:0, instance:Testngpkg.AMAZONWINDOWHANDLER@4145bad8]" started-at="2024-11-06T15:12:39 IST" name="amazon" finished-at="2024-11-06T15:14:12 IST" duration-ms="92917" status="PASS">
          <reporter-output>
          </reporter-output>
        </test-method> <!-- amazon -->
      </class> <!-- Testngpkg.AMAZONWINDOWHANDLER -->
    </test> <!-- Default test -->
  </suite> <!-- Default suite -->
</testng-results>
